==============================================================================
20211207 18:43:14.578 - INFO - + START SUITE: Tests [ ]
==============================================================================
20211207 18:43:14.587 - INFO - +- START SUITE: Tests.Basic Tests [ ]
==============================================================================
20211207 18:43:14.613 - INFO - +-- START SUITE: Tests.Basic Tests.01 Test Enviroment [ ]
==============================================================================
20211207 18:43:14.615 - INFO - +--- START TEST: Print To Console [ ]
------------------------------------------------------------------------------
20211207 18:43:14.616 - INFO - +---- START KEYWORD: keywords.Print Message ${hello_msg} To Console [ ]
20211207 18:43:14.618 - INFO - +----- START KEYWORD: BuiltIn.Log To Console [ ${message} ]
20211207 18:43:14.619 - INFO - +----- END KEYWORD: BuiltIn.Log To Console (1)
20211207 18:43:14.619 - INFO - +---- END KEYWORD: keywords.Print Message ${hello_msg} To Console (3)
------------------------------------------------------------------------------
20211207 18:43:14.620 - INFO - +--- END TEST: Print To Console (5)
------------------------------------------------------------------------------
20211207 18:43:14.621 - INFO - +--- START TEST: Sum List [ ]
------------------------------------------------------------------------------
20211207 18:43:14.622 - INFO - +---- START KEYWORD: keywords.Sum List Check [ ]
20211207 18:43:14.622 - INFO - +----- START KEYWORD: math_operations.Sum List [ ${odd_list} ]
20211207 18:43:14.623 - INFO - ${sum} = 25.0
20211207 18:43:14.623 - INFO - +----- END KEYWORD: math_operations.Sum List (1)
20211207 18:43:14.623 - INFO - +----- START KEYWORD: BuiltIn.Log To Console [ ${sum} ]
20211207 18:43:14.624 - INFO - +----- END KEYWORD: BuiltIn.Log To Console (1)
20211207 18:43:14.625 - INFO - +---- END KEYWORD: keywords.Sum List Check (2)
------------------------------------------------------------------------------
20211207 18:43:14.626 - INFO - +--- END TEST: Sum List (4)
------------------------------------------------------------------------------
20211207 18:43:14.630 - INFO - +-- END SUITE: Tests.Basic Tests.01 Test Enviroment (39)
==============================================================================
20211207 18:43:14.633 - INFO - +- END SUITE: Tests.Basic Tests (52)
==============================================================================
20211207 18:43:14.636 - INFO - + END SUITE: Tests (102)
==============================================================================
